<?xml version="1.0" encoding="UTF-8"?>
<coverage generated="1529539514666" clover="3.2.0">
  <project timestamp="1529539514666" name="All files">
    <metrics statements="29" coveredstatements="20" conditionals="10" coveredconditionals="5" methods="14" coveredmethods="8" elements="53" coveredelements="33" complexity="0" loc="29" ncloc="29" packages="4" files="8" classes="8">
      <package name="A0606UnitTest-Jest-Enzyme">
        <metrics statements="3" coveredstatements="3" conditionals="0" coveredconditionals="0" methods="1" coveredmethods="1"/>
        <file name="App.js" path="/Users/wangyinghui/Documents/百度云同步盘/学习/14-ReactNative/01-project/2018/A0606UnitTest-Jest-Enzyme/App.js">
          <metrics statements="3" coveredstatements="3" conditionals="0" coveredconditionals="0" methods="1" coveredmethods="1"/>
          <line num="15" count="1" type="stmt"/>
          <line num="25" count="1" type="stmt"/>
          <line num="41" count="1" type="stmt"/>
        </file>
      </package>
      <package name="A0606UnitTest-Jest-Enzyme.src">
        <metrics statements="1" coveredstatements="1" conditionals="0" coveredconditionals="0" methods="1" coveredmethods="1"/>
        <file name="User.js" path="/Users/wangyinghui/Documents/百度云同步盘/学习/14-ReactNative/01-project/2018/A0606UnitTest-Jest-Enzyme/src/User.js">
          <metrics statements="1" coveredstatements="1" conditionals="0" coveredconditionals="0" methods="1" coveredmethods="1"/>
          <line num="17" count="2" type="stmt"/>
        </file>
      </package>
      <package name="A0606UnitTest-Jest-Enzyme.src.components.ImageButton">
        <metrics statements="1" coveredstatements="1" conditionals="0" coveredconditionals="0" methods="1" coveredmethods="1"/>
        <file name="ImageButton.js" path="/Users/wangyinghui/Documents/百度云同步盘/学习/14-ReactNative/01-project/2018/A0606UnitTest-Jest-Enzyme/src/components/ImageButton/ImageButton.js">
          <metrics statements="1" coveredstatements="1" conditionals="0" coveredconditionals="0" methods="1" coveredmethods="1"/>
          <line num="14" count="1" type="stmt"/>
        </file>
        <file name="ImageButton.styles.js" path="/Users/wangyinghui/Documents/百度云同步盘/学习/14-ReactNative/01-project/2018/A0606UnitTest-Jest-Enzyme/src/components/ImageButton/ImageButton.styles.js">
          <metrics statements="0" coveredstatements="0" conditionals="0" coveredconditionals="0" methods="0" coveredmethods="0"/>
        </file>
        <file name="index.js" path="/Users/wangyinghui/Documents/百度云同步盘/学习/14-ReactNative/01-project/2018/A0606UnitTest-Jest-Enzyme/src/components/ImageButton/index.js">
          <metrics statements="0" coveredstatements="0" conditionals="0" coveredconditionals="0" methods="0" coveredmethods="0"/>
        </file>
      </package>
      <package name="A0606UnitTest-Jest-Enzyme.src.redux">
        <metrics statements="24" coveredstatements="15" conditionals="10" coveredconditionals="5" methods="11" coveredmethods="5"/>
        <file name="actions.js" path="/Users/wangyinghui/Documents/百度云同步盘/学习/14-ReactNative/01-project/2018/A0606UnitTest-Jest-Enzyme/src/redux/actions.js">
          <metrics statements="13" coveredstatements="7" conditionals="0" coveredconditionals="0" methods="9" coveredmethods="3"/>
          <line num="3" count="1" type="stmt"/>
          <line num="5" count="1" type="stmt"/>
          <line num="11" count="1" type="stmt"/>
          <line num="13" count="0" type="stmt"/>
          <line num="16" count="0" type="stmt"/>
          <line num="21" count="1" type="stmt"/>
          <line num="23" count="0" type="stmt"/>
          <line num="39" count="1" type="stmt"/>
          <line num="44" count="1" type="stmt"/>
          <line num="52" count="1" type="stmt"/>
          <line num="54" count="0" type="stmt"/>
          <line num="59" count="0" type="stmt"/>
          <line num="65" count="0" type="stmt"/>
        </file>
        <file name="index.js" path="/Users/wangyinghui/Documents/百度云同步盘/学习/14-ReactNative/01-project/2018/A0606UnitTest-Jest-Enzyme/src/redux/index.js">
          <metrics statements="2" coveredstatements="2" conditionals="0" coveredconditionals="0" methods="0" coveredmethods="0"/>
          <line num="6" count="1" type="stmt"/>
          <line num="8" count="1" type="stmt"/>
        </file>
        <file name="reducers.js" path="/Users/wangyinghui/Documents/百度云同步盘/学习/14-ReactNative/01-project/2018/A0606UnitTest-Jest-Enzyme/src/redux/reducers.js">
          <metrics statements="9" coveredstatements="6" conditionals="10" coveredconditionals="5" methods="2" coveredmethods="2"/>
          <line num="16" count="1" type="cond" truecount="1" falsecount="3"/>
          <line num="18" count="0" type="stmt"/>
          <line num="22" count="1" type="stmt"/>
          <line num="27" count="0" type="stmt"/>
          <line num="34" count="0" type="stmt"/>
          <line num="39" count="4" type="cond" truecount="2" falsecount="2"/>
          <line num="43" count="1" type="stmt"/>
          <line num="47" count="3" type="stmt"/>
          <line num="51" count="1" type="stmt"/>
        </file>
      </package>
    </metrics>
  </project>
</coverage>
