{"/Users/wangyinghui/Documents/百度云同步盘/学习/14-ReactNative/01-project/2018/A0606UnitTest-Jest-Enzyme/App.js": {"path":"/Users/wangyinghui/Documents/百度云同步盘/学习/14-ReactNative/01-project/2018/A0606UnitTest-Jest-Enzyme/App.js","statementMap":{"0":{"start":{"line":15,"column":21},"end":{"line":20,"column":2}},"1":{"start":{"line":25,"column":4},"end":{"line":37,"column":6}},"2":{"start":{"line":41,"column":15},"end":{"line":58,"column":2}}},"fnMap":{"0":{"name":"(anonymous_0)","decl":{"start":{"line":24,"column":2},"end":{"line":24,"column":3}},"loc":{"start":{"line":24,"column":11},"end":{"line":38,"column":3}},"line":24}},"branchMap":{},"s":{"0":1,"1":1,"2":1},"f":{"0":1},"b":{},"_coverageSchema":"332fd63041d2c1bcb487cc26dd0d5f7d97098a6c","hash":"a2bd456ec59fe74a919731d5148d1e686cfb4e30"}
,"/Users/wangyinghui/Documents/百度云同步盘/学习/14-ReactNative/01-project/2018/A0606UnitTest-Jest-Enzyme/src/User.js": {"path":"/Users/wangyinghui/Documents/百度云同步盘/学习/14-ReactNative/01-project/2018/A0606UnitTest-Jest-Enzyme/src/User.js","statementMap":{"0":{"start":{"line":17,"column":4},"end":{"line":23,"column":5}}},"fnMap":{"0":{"name":"(anonymous_0)","decl":{"start":{"line":16,"column":2},"end":{"line":16,"column":3}},"loc":{"start":{"line":16,"column":11},"end":{"line":24,"column":3}},"line":16}},"branchMap":{},"s":{"0":2},"f":{"0":2},"b":{},"_coverageSchema":"332fd63041d2c1bcb487cc26dd0d5f7d97098a6c","hash":"3879061a3484d275659978ca6eef3d6b7f60fe90"}
,"/Users/wangyinghui/Documents/百度云同步盘/学习/14-ReactNative/01-project/2018/A0606UnitTest-Jest-Enzyme/src/components/ImageButton/ImageButton.js": {"path":"/Users/wangyinghui/Documents/百度云同步盘/学习/14-ReactNative/01-project/2018/A0606UnitTest-Jest-Enzyme/src/components/ImageButton/ImageButton.js","statementMap":{"0":{"start":{"line":14,"column":4},"end":{"line":19,"column":5}}},"fnMap":{"0":{"name":"(anonymous_0)","decl":{"start":{"line":13,"column":2},"end":{"line":13,"column":3}},"loc":{"start":{"line":13,"column":11},"end":{"line":20,"column":3}},"line":13}},"branchMap":{},"s":{"0":1},"f":{"0":1},"b":{},"_coverageSchema":"332fd63041d2c1bcb487cc26dd0d5f7d97098a6c","hash":"866670dff3421ec2c65db78ecf3be51426d96d77"}
,"/Users/wangyinghui/Documents/百度云同步盘/学习/14-ReactNative/01-project/2018/A0606UnitTest-Jest-Enzyme/src/components/ImageButton/ImageButton.styles.js": {"path":"/Users/wangyinghui/Documents/百度云同步盘/学习/14-ReactNative/01-project/2018/A0606UnitTest-Jest-Enzyme/src/components/ImageButton/ImageButton.styles.js","statementMap":{},"fnMap":{},"branchMap":{},"s":{},"f":{},"b":{},"_coverageSchema":"332fd63041d2c1bcb487cc26dd0d5f7d97098a6c","hash":"4d79a7f6e47beafc0c913bb1242c0b7c64a90aec"}
,"/Users/wangyinghui/Documents/百度云同步盘/学习/14-ReactNative/01-project/2018/A0606UnitTest-Jest-Enzyme/src/components/ImageButton/index.js": {"path":"/Users/wangyinghui/Documents/百度云同步盘/学习/14-ReactNative/01-project/2018/A0606UnitTest-Jest-Enzyme/src/components/ImageButton/index.js","statementMap":{},"fnMap":{},"branchMap":{},"s":{},"f":{},"b":{},"_coverageSchema":"332fd63041d2c1bcb487cc26dd0d5f7d97098a6c","hash":"43347244d51909585212302e46f5b09351a6bd91"}
,"/Users/wangyinghui/Documents/百度云同步盘/学习/14-ReactNative/01-project/2018/A0606UnitTest-Jest-Enzyme/src/redux/actions.js": {"path":"/Users/wangyinghui/Documents/百度云同步盘/学习/14-ReactNative/01-project/2018/A0606UnitTest-Jest-Enzyme/src/redux/actions.js","statementMap":{"0":{"start":{"line":3,"column":29},"end":{"line":3,"column":44}},"1":{"start":{"line":5,"column":2},"end":{"line":8,"column":3}},"2":{"start":{"line":11,"column":29},"end":{"line":11,"column":44}},"3":{"start":{"line":13,"column":2},"end":{"line":18,"column":3}},"4":{"start":{"line":16,"column":43},"end":{"line":16,"column":53}},"5":{"start":{"line":21,"column":36},"end":{"line":21,"column":58}},"6":{"start":{"line":23,"column":3},"end":{"line":26,"column":4}},"7":{"start":{"line":39,"column":2},"end":{"line":67,"column":3}},"8":{"start":{"line":44,"column":4},"end":{"line":44,"column":38}},"9":{"start":{"line":52,"column":4},"end":{"line":66,"column":7}},"10":{"start":{"line":54,"column":20},"end":{"line":54,"column":35}},"11":{"start":{"line":59,"column":17},"end":{"line":59,"column":57}},"12":{"start":{"line":65,"column":8},"end":{"line":65,"column":47}}},"fnMap":{"0":{"name":"requestPosts","decl":{"start":{"line":4,"column":9},"end":{"line":4,"column":21}},"loc":{"start":{"line":4,"column":33},"end":{"line":9,"column":1}},"line":4},"1":{"name":"receivePosts","decl":{"start":{"line":12,"column":9},"end":{"line":12,"column":21}},"loc":{"start":{"line":12,"column":39},"end":{"line":19,"column":1}},"line":12},"2":{"name":"(anonymous_2)","decl":{"start":{"line":16,"column":34},"end":{"line":16,"column":35}},"loc":{"start":{"line":16,"column":43},"end":{"line":16,"column":53}},"line":16},"3":{"name":"invalidateSubreddit","decl":{"start":{"line":22,"column":17},"end":{"line":22,"column":36}},"loc":{"start":{"line":22,"column":48},"end":{"line":27,"column":2}},"line":22},"4":{"name":"fetchPosts","decl":{"start":{"line":33,"column":16},"end":{"line":33,"column":26}},"loc":{"start":{"line":33,"column":38},"end":{"line":68,"column":1}},"line":33},"5":{"name":"(anonymous_5)","decl":{"start":{"line":39,"column":9},"end":{"line":39,"column":10}},"loc":{"start":{"line":39,"column":29},"end":{"line":67,"column":3}},"line":39},"6":{"name":"(anonymous_6)","decl":{"start":{"line":54,"column":8},"end":{"line":54,"column":9}},"loc":{"start":{"line":54,"column":20},"end":{"line":54,"column":35}},"line":54},"7":{"name":"(anonymous_7)","decl":{"start":{"line":59,"column":8},"end":{"line":59,"column":9}},"loc":{"start":{"line":59,"column":17},"end":{"line":59,"column":57}},"line":59},"8":{"name":"(anonymous_8)","decl":{"start":{"line":61,"column":12},"end":{"line":61,"column":13}},"loc":{"start":{"line":65,"column":8},"end":{"line":65,"column":47}},"line":65}},"branchMap":{},"s":{"0":1,"1":1,"2":1,"3":0,"4":0,"5":1,"6":0,"7":1,"8":1,"9":1,"10":0,"11":0,"12":0},"f":{"0":1,"1":0,"2":0,"3":0,"4":1,"5":1,"6":0,"7":0,"8":0},"b":{},"_coverageSchema":"332fd63041d2c1bcb487cc26dd0d5f7d97098a6c","hash":"1493eb86b2a99c720fe445b733292648d9a947ed"}
,"/Users/wangyinghui/Documents/百度云同步盘/学习/14-ReactNative/01-project/2018/A0606UnitTest-Jest-Enzyme/src/redux/index.js": {"path":"/Users/wangyinghui/Documents/百度云同步盘/学习/14-ReactNative/01-project/2018/A0606UnitTest-Jest-Enzyme/src/redux/index.js","statementMap":{"0":{"start":{"line":6,"column":25},"end":{"line":6,"column":39}},"1":{"start":{"line":8,"column":14},"end":{"line":14,"column":1}}},"fnMap":{},"branchMap":{},"s":{"0":1,"1":1},"f":{},"b":{},"_coverageSchema":"332fd63041d2c1bcb487cc26dd0d5f7d97098a6c","hash":"a0ebb15a490fc33cf8a1489b22747cb16b323351"}
,"/Users/wangyinghui/Documents/百度云同步盘/学习/14-ReactNative/01-project/2018/A0606UnitTest-Jest-Enzyme/src/redux/reducers.js": {"path":"/Users/wangyinghui/Documents/百度云同步盘/学习/14-ReactNative/01-project/2018/A0606UnitTest-Jest-Enzyme/src/redux/reducers.js","statementMap":{"0":{"start":{"line":16,"column":2},"end":{"line":35,"column":3}},"1":{"start":{"line":18,"column":6},"end":{"line":20,"column":8}},"2":{"start":{"line":22,"column":6},"end":{"line":25,"column":8}},"3":{"start":{"line":27,"column":6},"end":{"line":32,"column":8}},"4":{"start":{"line":34,"column":6},"end":{"line":34,"column":18}},"5":{"start":{"line":39,"column":2},"end":{"line":48,"column":3}},"6":{"start":{"line":43,"column":6},"end":{"line":45,"column":8}},"7":{"start":{"line":47,"column":6},"end":{"line":47,"column":18}},"8":{"start":{"line":51,"column":20},"end":{"line":53,"column":2}}},"fnMap":{"0":{"name":"posts","decl":{"start":{"line":8,"column":9},"end":{"line":8,"column":14}},"loc":{"start":{"line":15,"column":2},"end":{"line":36,"column":1}},"line":15},"1":{"name":"postsBySubreddit","decl":{"start":{"line":38,"column":9},"end":{"line":38,"column":25}},"loc":{"start":{"line":38,"column":46},"end":{"line":49,"column":1}},"line":38}},"branchMap":{"0":{"loc":{"start":{"line":9,"column":2},"end":{"line":13,"column":3}},"type":"default-arg","locations":[{"start":{"line":9,"column":10},"end":{"line":13,"column":3}}],"line":9},"1":{"loc":{"start":{"line":16,"column":2},"end":{"line":35,"column":3}},"type":"switch","locations":[{"start":{"line":17,"column":4},"end":{"line":20,"column":8}},{"start":{"line":21,"column":4},"end":{"line":25,"column":8}},{"start":{"line":26,"column":4},"end":{"line":32,"column":8}},{"start":{"line":33,"column":4},"end":{"line":34,"column":18}}],"line":16},"2":{"loc":{"start":{"line":38,"column":26},"end":{"line":38,"column":36}},"type":"default-arg","locations":[{"start":{"line":38,"column":34},"end":{"line":38,"column":36}}],"line":38},"3":{"loc":{"start":{"line":39,"column":2},"end":{"line":48,"column":3}},"type":"switch","locations":[{"start":{"line":40,"column":4},"end":{"line":40,"column":30}},{"start":{"line":41,"column":4},"end":{"line":41,"column":23}},{"start":{"line":42,"column":4},"end":{"line":45,"column":8}},{"start":{"line":46,"column":4},"end":{"line":47,"column":18}}],"line":39}},"s":{"0":1,"1":0,"2":1,"3":0,"4":0,"5":4,"6":1,"7":3,"8":1},"f":{"0":1,"1":4},"b":{"0":[1],"1":[0,1,0,0],"2":[3],"3":[0,0,1,3]},"_coverageSchema":"332fd63041d2c1bcb487cc26dd0d5f7d97098a6c","hash":"a263e789720f875968eda88a7d9a5d0144be80a4"}
}
