TN:
SF:/Users/wangyinghui/Documents/百度云同步盘/学习/14-ReactNative/01-project/2018/A0606UnitTest-Jest-Enzyme/App.js
FN:24,(anonymous_0)
FNF:1
FNH:1
FNDA:1,(anonymous_0)
DA:15,1
DA:25,1
DA:41,1
LF:3
LH:3
BRF:0
BRH:0
end_of_record
TN:
SF:/Users/wangyinghui/Documents/百度云同步盘/学习/14-ReactNative/01-project/2018/A0606UnitTest-Jest-Enzyme/src/User.js
FN:16,(anonymous_0)
FNF:1
FNH:1
FNDA:2,(anonymous_0)
DA:17,2
LF:1
LH:1
BRF:0
BRH:0
end_of_record
TN:
SF:/Users/wangyinghui/Documents/百度云同步盘/学习/14-ReactNative/01-project/2018/A0606UnitTest-Jest-Enzyme/src/components/ImageButton/ImageButton.js
FN:13,(anonymous_0)
FNF:1
FNH:1
FNDA:1,(anonymous_0)
DA:14,1
LF:1
LH:1
BRF:0
BRH:0
end_of_record
TN:
SF:/Users/wangyinghui/Documents/百度云同步盘/学习/14-ReactNative/01-project/2018/A0606UnitTest-Jest-Enzyme/src/components/ImageButton/ImageButton.styles.js
FNF:0
FNH:0
LF:0
LH:0
BRF:0
BRH:0
end_of_record
TN:
SF:/Users/wangyinghui/Documents/百度云同步盘/学习/14-ReactNative/01-project/2018/A0606UnitTest-Jest-Enzyme/src/components/ImageButton/index.js
FNF:0
FNH:0
LF:0
LH:0
BRF:0
BRH:0
end_of_record
TN:
SF:/Users/wangyinghui/Documents/百度云同步盘/学习/14-ReactNative/01-project/2018/A0606UnitTest-Jest-Enzyme/src/redux/actions.js
FN:4,requestPosts
FN:12,receivePosts
FN:16,(anonymous_2)
FN:22,invalidateSubreddit
FN:33,fetchPosts
FN:39,(anonymous_5)
FN:54,(anonymous_6)
FN:59,(anonymous_7)
FN:61,(anonymous_8)
FNF:9
FNH:3
FNDA:1,requestPosts
FNDA:0,receivePosts
FNDA:0,(anonymous_2)
FNDA:0,invalidateSubreddit
FNDA:1,fetchPosts
FNDA:1,(anonymous_5)
FNDA:0,(anonymous_6)
FNDA:0,(anonymous_7)
FNDA:0,(anonymous_8)
DA:3,1
DA:5,1
DA:11,1
DA:13,0
DA:16,0
DA:21,1
DA:23,0
DA:39,1
DA:44,1
DA:52,1
DA:54,0
DA:59,0
DA:65,0
LF:13
LH:7
BRF:0
BRH:0
end_of_record
TN:
SF:/Users/wangyinghui/Documents/百度云同步盘/学习/14-ReactNative/01-project/2018/A0606UnitTest-Jest-Enzyme/src/redux/index.js
FNF:0
FNH:0
DA:6,1
DA:8,1
LF:2
LH:2
BRF:0
BRH:0
end_of_record
TN:
SF:/Users/wangyinghui/Documents/百度云同步盘/学习/14-ReactNative/01-project/2018/A0606UnitTest-Jest-Enzyme/src/redux/reducers.js
FN:8,posts
FN:38,postsBySubreddit
FNF:2
FNH:2
FNDA:1,posts
FNDA:4,postsBySubreddit
DA:16,1
DA:18,0
DA:22,1
DA:27,0
DA:34,0
DA:39,4
DA:43,1
DA:47,3
DA:51,1
LF:9
LH:6
BRDA:9,0,0,1
BRDA:16,1,0,0
BRDA:16,1,1,1
BRDA:16,1,2,0
BRDA:16,1,3,0
BRDA:38,2,0,3
BRDA:39,3,0,0
BRDA:39,3,1,0
BRDA:39,3,2,1
BRDA:39,3,3,3
BRF:10
BRH:5
end_of_record
